components/nominees/nominee-card.tsx(13,22): error TS7016: Could not find a declaration file for module 'canvas-confetti'. 'C:/Users/alexa/Downloads/online-voting-system/node_modules/canvas-confetti/src/confetti.js' implicitly has an 'any' type.
  Try `npm i --save-dev @types/canvas-confetti` if it exists or add a new declaration (.d.ts) file containing `declare module 'canvas-confetti';`
components/nominees/nominee-profile.tsx(13,22): error TS7016: Could not find a declaration file for module 'canvas-confetti'. 'C:/Users/alexa/Downloads/online-voting-system/node_modules/canvas-confetti/src/confetti.js' implicitly has an 'any' type.
  Try `npm i --save-dev @types/canvas-confetti` if it exists or add a new declaration (.d.ts) file containing `declare module 'canvas-confetti';`
